<?xml version="1.0" encoding="UTF-8"?>
<!-- Generated by org.testng.reporters.JUnitReportReporter -->
<testsuite hostname="Sivam" failures="0" tests="3" name="execuationPack.BrowserTest" time="9.394" errors="0" timestamp="2024-06-12T01:03:57 IST" skipped="0">
  <testcase classname="execuationPack.BrowserTest" name="flipkart" time="2.646"/>
  <testcase classname="execuationPack.BrowserTest" name="snapDeal" time="2.238"/>
  <testcase classname="execuationPack.BrowserTest" name="amzone" time="4.510"/>
</testsuite> <!-- execuationPack.BrowserTest -->
