<?xml version="1.0" encoding="UTF-8"?>
<!-- Generated by org.testng.reporters.JUnitReportReporter -->
<testsuite hostname="Sivam" failures="0" tests="6" name="execuationPack.ParallelExample" time="19.066" errors="0" timestamp="2024-06-12T08:06:41 IST" skipped="0">
  <testcase classname="execuationPack.ParallelExample" name="flipkart" time="4.790"/>
  <testcase classname="execuationPack.ParallelExample" name="flipkart2" time="3.409"/>
  <testcase classname="execuationPack.ParallelExample" name="snapDeal2" time="2.235"/>
  <testcase classname="execuationPack.ParallelExample" name="amzone2" time="2.846"/>
  <testcase classname="execuationPack.ParallelExample" name="amzone" time="2.846"/>
  <testcase classname="execuationPack.ParallelExample" name="snapDeal" time="2.940"/>
</testsuite> <!-- execuationPack.ParallelExample -->
